<?xml version="1.0" encoding="UTF-8"?>
<!-- Generated by org.testng.reporters.JUnitReportReporter -->
<testsuite hostname="JO" failures="0" tests="1" name="tests.FilterTest" time="20.843" errors="0" timestamp="2022-06-01T22:14:55 CDT" skipped="0">
  <testcase classname="tests.FilterTest" name="filter" time="20.843"/>
  <system-out/>
</testsuite> <!-- tests.FilterTest -->
