<?xml version="1.0" encoding="UTF-8"?>
<!-- Generated by org.testng.reporters.JUnitReportReporter -->
<testsuite hostname="JO" failures="0" tests="1" name="tests.CreateFrolderTest" time="15.861" errors="0" timestamp="2022-05-31T16:44:05 CDT" skipped="0">
  <testcase classname="tests.CreateFrolderTest" name="folder" time="15.861"/>
  <system-out/>
</testsuite> <!-- tests.CreateFrolderTest -->
