<?xml version="1.0" encoding="UTF-8"?>
<!-- Generated by org.testng.reporters.JUnitReportReporter -->
<testsuite hostname="JO" failures="0" tests="1" name="tests.RmoveFilterTest" time="31.617" errors="0" timestamp="2022-06-01T22:31:09 CDT" skipped="0">
  <testcase classname="tests.RmoveFilterTest" name="filter" time="31.617"/>
  <system-out/>
</testsuite> <!-- tests.RmoveFilterTest -->
