<?xml version="1.0" encoding="UTF-8"?>
<!-- Generated by org.testng.reporters.JUnitReportReporter -->
<testsuite hostname="JO" failures="0" tests="1" name="tests.ChangeFolderColorTest" time="22.870" errors="0" timestamp="2022-06-01T16:20:59 CDT" skipped="0">
  <testcase classname="tests.ChangeFolderColorTest" name="setFColor" time="22.870"/>
  <system-out/>
</testsuite> <!-- tests.ChangeFolderColorTest -->
