<?xml version="1.0" encoding="UTF-8"?>
<!-- Generated by org.testng.reporters.JUnitReportReporter -->
<testsuite hostname="JO" failures="0" tests="1" name="tests.CreateFrolderTest" time="27.925" errors="0" timestamp="2022-06-01T14:54:52 CDT" skipped="0">
  <testcase classname="tests.CreateFrolderTest" name="folder" time="27.925"/>
  <system-out/>
</testsuite> <!-- tests.CreateFrolderTest -->
