<?xml version="1.0" encoding="UTF-8"?>
<!-- Generated by org.testng.reporters.JUnitReportReporter -->
<testsuite hostname="JO" failures="0" tests="2" name="tests.LoginTest" time="5.244" errors="0" timestamp="2022-05-30T23:01:38 CDT" skipped="0">
  <testcase classname="tests.LoginTest" name="login" time="5.231"/>
  <system-out/>
  <testcase classname="tests.LoginTest" name="sampleTest" time="0.013"/>
  <system-out/>
</testsuite> <!-- tests.LoginTest -->
