<?xml version="1.0" encoding="UTF-8"?>
<!-- Generated by org.testng.reporters.JUnitReportReporter -->
<testsuite hostname="JO" failures="0" tests="1" name="tests.MultipleVideoTest" time="39.101" errors="0" timestamp="2022-06-03T12:13:52 CDT" skipped="0">
  <testcase classname="tests.MultipleVideoTest" name="uploadVideo" time="39.101"/>
  <system-out/>
</testsuite> <!-- tests.MultipleVideoTest -->
