<?xml version="1.0" encoding="UTF-8"?>
<!-- Generated by org.testng.reporters.JUnitReportReporter -->
<testsuite hostname="JO" failures="0" tests="1" name="tests.ImageInsideFolderTest" time="34.417" errors="0" timestamp="2022-06-01T20:35:17 CDT" skipped="0">
  <testcase classname="tests.ImageInsideFolderTest" name="imageInsideFolder" time="34.417"/>
  <system-out/>
</testsuite> <!-- tests.ImageInsideFolderTest -->
